<?xml version="1.0" encoding="UTF-8"?>
<robot generator="Robot 3.2.1 (Python 3.8.5 on win32)" generated="20200820 10:19:11.698" rpa="false">
<suite id="s1" name="My1stRobotProject" source="C:\Users\RBZS8420\git\robot_training\My1stRobotProject">
<suite id="s1-s1" name="TestSuite1" source="C:\Users\RBZS8420\git\robot_training\My1stRobotProject\TestSuite1.robot">
<test id="s1-s1-t1" name="TestLoginCSROperateur">
<kw name="Open Browser" library="SeleniumLibrary">
<doc>Opens a new browser instance to the optional ``url``.</doc>
<arguments>
<arg>${URL_CSR_Orange}</arg>
<arg>chrome</arg>
</arguments>
<msg timestamp="20200820 10:19:12.079" level="INFO">Opening browser 'chrome' to base url 'https://opensource-demo.orangehrmlive.com/'.</msg>
<status status="PASS" starttime="20200820 10:19:12.078" endtime="20200820 10:19:16.419"></status>
</kw>
<kw name="Set Browser Implicit Wait" library="SeleniumLibrary">
<doc>Sets the implicit wait value used by Selenium.</doc>
<arguments>
<arg>1</arg>
</arguments>
<status status="PASS" starttime="20200820 10:19:16.419" endtime="20200820 10:19:16.423"></status>
</kw>
<kw name="Input Text" library="SeleniumLibrary">
<doc>Types the given ``text`` into the text field identified by ``locator``.</doc>
<arguments>
<arg>id=txtUsername</arg>
<arg>${CREDENTIALS}[0]</arg>
</arguments>
<msg timestamp="20200820 10:19:16.425" level="INFO">Typing text 'admin' into text field 'id=txtUsername'.</msg>
<status status="PASS" starttime="20200820 10:19:16.424" endtime="20200820 10:19:16.542"></status>
</kw>
<kw name="Input Password" library="SeleniumLibrary">
<doc>Types the given password into the text field identified by ``locator``.</doc>
<arguments>
<arg>id=txtPassword</arg>
<arg>${CREDENTIALS}[1]</arg>
</arguments>
<msg timestamp="20200820 10:19:16.543" level="INFO">Typing password into text field 'id=txtPassword'.</msg>
<msg timestamp="20200820 10:19:16.597" level="INFO">Temporally setting log level to: NONE</msg>
<msg timestamp="20200820 10:19:16.652" level="INFO">Log level changed from NONE to INFO.</msg>
<status status="PASS" starttime="20200820 10:19:16.542" endtime="20200820 10:19:16.653"></status>
</kw>
<kw name="Click Button" library="SeleniumLibrary">
<doc>Clicks the button identified by ``locator``.</doc>
<arguments>
<arg>id=btnLogin</arg>
</arguments>
<msg timestamp="20200820 10:19:16.654" level="INFO">Clicking button 'id=btnLogin'.</msg>
<status status="PASS" starttime="20200820 10:19:16.653" endtime="20200820 10:19:19.095"></status>
</kw>
<kw name="Close Browser" library="SeleniumLibrary">
<doc>Closes the current browser.</doc>
<status status="PASS" starttime="20200820 10:19:19.095" endtime="20200820 10:19:21.362"></status>
</kw>
<kw name="Log" library="BuiltIn">
<doc>Logs the given message with the given level.</doc>
<arguments>
<arg>Utilisation de 2 variables d'environnement: Ce test a été exécuté par %{username} sur %{os}</arg>
</arguments>
<msg timestamp="20200820 10:19:21.365" level="INFO">Utilisation de 2 variables d'environnement: Ce test a été exécuté par RBZS8420 sur Windows_NT</msg>
<status status="PASS" starttime="20200820 10:19:21.363" endtime="20200820 10:19:21.365"></status>
</kw>
<kw name="EntryInLog" type="teardown">
<kw name="Get Time" library="BuiltIn">
<doc>Returns the given time in the requested format.</doc>
<assign>
<var>${time}</var>
</assign>
<msg timestamp="20200820 10:19:21.368" level="INFO">${time} = 2020-08-20 10:19:21</msg>
<status status="PASS" starttime="20200820 10:19:21.367" endtime="20200820 10:19:21.368"></status>
</kw>
<kw name="Append To File" library="OperatingSystem">
<doc>Appends the given content to the specified file.</doc>
<arguments>
<arg>${AbsoluteTestSuiteLogPath}</arg>
<arg>${time} |</arg>
</arguments>
<msg timestamp="20200820 10:19:21.371" level="INFO" html="yes">Appended to file '&lt;a href="file://C:\Users\RBZS8420\Desktop\testsuitelog.txt"&gt;C:\Users\RBZS8420\Desktop\testsuitelog.txt&lt;/a&gt;'.</msg>
<status status="PASS" starttime="20200820 10:19:21.369" endtime="20200820 10:19:21.372"></status>
</kw>
<kw name="Append To File" library="OperatingSystem">
<doc>Appends the given content to the specified file.</doc>
<arguments>
<arg>${AbsoluteTestSuiteLogPath}</arg>
<arg>${TEST NAME}=&gt;${TEST STATUS}\r</arg>
</arguments>
<msg timestamp="20200820 10:19:21.375" level="INFO" html="yes">Appended to file '&lt;a href="file://C:\Users\RBZS8420\Desktop\testsuitelog.txt"&gt;C:\Users\RBZS8420\Desktop\testsuitelog.txt&lt;/a&gt;'.</msg>
<status status="PASS" starttime="20200820 10:19:21.372" endtime="20200820 10:19:21.376"></status>
</kw>
<status status="PASS" starttime="20200820 10:19:21.366" endtime="20200820 10:19:21.376"></status>
</kw>
<tags>
<tag>GlobalTraining</tag>
</tags>
<status status="PASS" starttime="20200820 10:19:12.076" endtime="20200820 10:19:21.377" critical="yes"></status>
</test>
<status status="PASS" starttime="20200820 10:19:11.785" endtime="20200820 10:19:21.379"></status>
</suite>
<status status="PASS" starttime="20200820 10:19:11.756" endtime="20200820 10:19:21.384"></status>
</suite>
<statistics>
<total>
<stat pass="1" fail="0">Critical Tests</stat>
<stat pass="1" fail="0">All Tests</stat>
</total>
<tag>
<stat pass="1" fail="0">GlobalTraining</stat>
</tag>
<suite>
<stat pass="1" fail="0" id="s1" name="My1stRobotProject">My1stRobotProject</stat>
<stat pass="1" fail="0" id="s1-s1" name="TestSuite1">My1stRobotProject.TestSuite1</stat>
</suite>
</statistics>
<errors>
</errors>
</robot>
