<?xml version="1.0" encoding="UTF-8"?>
<robot generator="Robot 3.2.1 (Python 3.8.5 on win32)" generated="20200820 10:28:28.543" rpa="false">
<suite id="s1" name="My1stRobotProject" source="C:\Users\RBZS8420\git\robot_training\My1stRobotProject">
<suite id="s1-s1" name="TestSuite1" source="C:\Users\RBZS8420\git\robot_training\My1stRobotProject\TestSuite1.robot">
<test id="s1-s1-t1" name="TestHelloWorld">
<kw name="Log" library="BuiltIn">
<doc>Logs the given message with the given level.</doc>
<arguments>
<arg>Hello world !</arg>
</arguments>
<msg timestamp="20200820 10:28:28.943" level="INFO">Hello world !</msg>
<status status="PASS" starttime="20200820 10:28:28.943" endtime="20200820 10:28:28.944"></status>
</kw>
<kw name="EntryInLog" type="teardown">
<kw name="Get Time" library="BuiltIn">
<doc>Returns the given time in the requested format.</doc>
<assign>
<var>${time}</var>
</assign>
<msg timestamp="20200820 10:28:28.946" level="INFO">${time} = 2020-08-20 10:28:28</msg>
<status status="PASS" starttime="20200820 10:28:28.945" endtime="20200820 10:28:28.946"></status>
</kw>
<kw name="Append To File" library="OperatingSystem">
<doc>Appends the given content to the specified file.</doc>
<arguments>
<arg>${AbsoluteTestSuiteLogPath}</arg>
<arg>${time} |</arg>
</arguments>
<msg timestamp="20200820 10:28:28.948" level="INFO" html="yes">Appended to file '&lt;a href="file://C:\Users\RBZS8420\Desktop\testsuitelog.txt"&gt;C:\Users\RBZS8420\Desktop\testsuitelog.txt&lt;/a&gt;'.</msg>
<status status="PASS" starttime="20200820 10:28:28.947" endtime="20200820 10:28:28.949"></status>
</kw>
<kw name="Append To File" library="OperatingSystem">
<doc>Appends the given content to the specified file.</doc>
<arguments>
<arg>${AbsoluteTestSuiteLogPath}</arg>
<arg>${TEST NAME}=&gt;${TEST STATUS}\r</arg>
</arguments>
<msg timestamp="20200820 10:28:28.951" level="INFO" html="yes">Appended to file '&lt;a href="file://C:\Users\RBZS8420\Desktop\testsuitelog.txt"&gt;C:\Users\RBZS8420\Desktop\testsuitelog.txt&lt;/a&gt;'.</msg>
<status status="PASS" starttime="20200820 10:28:28.949" endtime="20200820 10:28:28.952"></status>
</kw>
<status status="PASS" starttime="20200820 10:28:28.944" endtime="20200820 10:28:28.952"></status>
</kw>
<tags>
<tag>GlobalTraining</tag>
</tags>
<status status="PASS" starttime="20200820 10:28:28.941" endtime="20200820 10:28:28.952" critical="yes"></status>
</test>
<test id="s1-s1-t2" name="MySecondTest">
<kw name="Log" library="BuiltIn">
<doc>Logs the given message with the given level.</doc>
<arguments>
<arg>My second test !</arg>
</arguments>
<msg timestamp="20200820 10:28:28.955" level="INFO">My second test !</msg>
<status status="PASS" starttime="20200820 10:28:28.954" endtime="20200820 10:28:28.955"></status>
</kw>
<kw name="EntryInLog" type="teardown">
<kw name="Get Time" library="BuiltIn">
<doc>Returns the given time in the requested format.</doc>
<assign>
<var>${time}</var>
</assign>
<msg timestamp="20200820 10:28:28.957" level="INFO">${time} = 2020-08-20 10:28:28</msg>
<status status="PASS" starttime="20200820 10:28:28.956" endtime="20200820 10:28:28.957"></status>
</kw>
<kw name="Append To File" library="OperatingSystem">
<doc>Appends the given content to the specified file.</doc>
<arguments>
<arg>${AbsoluteTestSuiteLogPath}</arg>
<arg>${time} |</arg>
</arguments>
<msg timestamp="20200820 10:28:28.959" level="INFO" html="yes">Appended to file '&lt;a href="file://C:\Users\RBZS8420\Desktop\testsuitelog.txt"&gt;C:\Users\RBZS8420\Desktop\testsuitelog.txt&lt;/a&gt;'.</msg>
<status status="PASS" starttime="20200820 10:28:28.957" endtime="20200820 10:28:28.959"></status>
</kw>
<kw name="Append To File" library="OperatingSystem">
<doc>Appends the given content to the specified file.</doc>
<arguments>
<arg>${AbsoluteTestSuiteLogPath}</arg>
<arg>${TEST NAME}=&gt;${TEST STATUS}\r</arg>
</arguments>
<msg timestamp="20200820 10:28:28.962" level="INFO" html="yes">Appended to file '&lt;a href="file://C:\Users\RBZS8420\Desktop\testsuitelog.txt"&gt;C:\Users\RBZS8420\Desktop\testsuitelog.txt&lt;/a&gt;'.</msg>
<status status="PASS" starttime="20200820 10:28:28.960" endtime="20200820 10:28:28.962"></status>
</kw>
<status status="PASS" starttime="20200820 10:28:28.955" endtime="20200820 10:28:28.962"></status>
</kw>
<tags>
<tag>Training2</tag>
</tags>
<status status="PASS" starttime="20200820 10:28:28.953" endtime="20200820 10:28:28.963" critical="yes"></status>
</test>
<test id="s1-s1-t3" name="MyThirdTest">
<kw name="Log" library="BuiltIn">
<doc>Logs the given message with the given level.</doc>
<arguments>
<arg>My third test !</arg>
</arguments>
<msg timestamp="20200820 10:28:28.965" level="INFO">My third test !</msg>
<status status="PASS" starttime="20200820 10:28:28.965" endtime="20200820 10:28:28.965"></status>
</kw>
<kw name="EntryInLog" type="teardown">
<kw name="Get Time" library="BuiltIn">
<doc>Returns the given time in the requested format.</doc>
<assign>
<var>${time}</var>
</assign>
<msg timestamp="20200820 10:28:28.967" level="INFO">${time} = 2020-08-20 10:28:28</msg>
<status status="PASS" starttime="20200820 10:28:28.967" endtime="20200820 10:28:28.967"></status>
</kw>
<kw name="Append To File" library="OperatingSystem">
<doc>Appends the given content to the specified file.</doc>
<arguments>
<arg>${AbsoluteTestSuiteLogPath}</arg>
<arg>${time} |</arg>
</arguments>
<msg timestamp="20200820 10:28:28.969" level="INFO" html="yes">Appended to file '&lt;a href="file://C:\Users\RBZS8420\Desktop\testsuitelog.txt"&gt;C:\Users\RBZS8420\Desktop\testsuitelog.txt&lt;/a&gt;'.</msg>
<status status="PASS" starttime="20200820 10:28:28.968" endtime="20200820 10:28:28.970"></status>
</kw>
<kw name="Append To File" library="OperatingSystem">
<doc>Appends the given content to the specified file.</doc>
<arguments>
<arg>${AbsoluteTestSuiteLogPath}</arg>
<arg>${TEST NAME}=&gt;${TEST STATUS}\r</arg>
</arguments>
<msg timestamp="20200820 10:28:28.972" level="INFO" html="yes">Appended to file '&lt;a href="file://C:\Users\RBZS8420\Desktop\testsuitelog.txt"&gt;C:\Users\RBZS8420\Desktop\testsuitelog.txt&lt;/a&gt;'.</msg>
<status status="PASS" starttime="20200820 10:28:28.970" endtime="20200820 10:28:28.972"></status>
</kw>
<status status="PASS" starttime="20200820 10:28:28.966" endtime="20200820 10:28:28.973"></status>
</kw>
<tags>
<tag>Training3</tag>
</tags>
<status status="PASS" starttime="20200820 10:28:28.964" endtime="20200820 10:28:28.973" critical="yes"></status>
</test>
<test id="s1-s1-t4" name="1stSeleniumTest">
<kw name="Open Browser" library="SeleniumLibrary">
<doc>Opens a new browser instance to the optional ``url``.</doc>
<arguments>
<arg>https://www.google.fr/</arg>
<arg>chrome</arg>
</arguments>
<msg timestamp="20200820 10:28:28.975" level="INFO">Opening browser 'chrome' to base url 'https://www.google.fr/'.</msg>
<status status="PASS" starttime="20200820 10:28:28.975" endtime="20200820 10:28:32.105"></status>
</kw>
<kw name="Set Browser Implicit Wait" library="SeleniumLibrary">
<doc>Sets the implicit wait value used by Selenium.</doc>
<arguments>
<arg>1</arg>
</arguments>
<status status="PASS" starttime="20200820 10:28:32.105" endtime="20200820 10:28:32.108"></status>
</kw>
<kw name="Input Text" library="SeleniumLibrary">
<doc>Types the given ``text`` into the text field identified by ``locator``.</doc>
<arguments>
<arg>name=q</arg>
<arg>orange</arg>
</arguments>
<msg timestamp="20200820 10:28:32.109" level="INFO">Typing text 'orange' into text field 'name=q'.</msg>
<status status="PASS" starttime="20200820 10:28:32.108" endtime="20200820 10:28:32.236"></status>
</kw>
<kw name="Press Keys" library="SeleniumLibrary">
<doc>Simulates the user pressing key(s) to an element or on the active browser.</doc>
<arguments>
<arg>name=q</arg>
<arg>RETURN</arg>
</arguments>
<msg timestamp="20200820 10:28:32.237" level="INFO">Sending key(s) ('RETURN',) to name=q element.</msg>
<msg timestamp="20200820 10:28:32.530" level="INFO">Pressing special key RETURN to element.</msg>
<msg timestamp="20200820 10:28:32.531" level="INFO">Releasing special key RETURN.</msg>
<status status="PASS" starttime="20200820 10:28:32.236" endtime="20200820 10:28:34.082"></status>
</kw>
<kw name="Close Browser" library="SeleniumLibrary">
<doc>Closes the current browser.</doc>
<status status="PASS" starttime="20200820 10:28:34.083" endtime="20200820 10:28:36.382"></status>
</kw>
<kw name="Log" library="BuiltIn">
<doc>Logs the given message with the given level.</doc>
<arguments>
<arg>1st selenium complete</arg>
</arguments>
<msg timestamp="20200820 10:28:36.384" level="INFO">1st selenium complete</msg>
<status status="PASS" starttime="20200820 10:28:36.383" endtime="20200820 10:28:36.385"></status>
</kw>
<kw name="EntryInLog" type="teardown">
<kw name="Get Time" library="BuiltIn">
<doc>Returns the given time in the requested format.</doc>
<assign>
<var>${time}</var>
</assign>
<msg timestamp="20200820 10:28:36.387" level="INFO">${time} = 2020-08-20 10:28:36</msg>
<status status="PASS" starttime="20200820 10:28:36.386" endtime="20200820 10:28:36.388"></status>
</kw>
<kw name="Append To File" library="OperatingSystem">
<doc>Appends the given content to the specified file.</doc>
<arguments>
<arg>${AbsoluteTestSuiteLogPath}</arg>
<arg>${time} |</arg>
</arguments>
<msg timestamp="20200820 10:28:36.391" level="INFO" html="yes">Appended to file '&lt;a href="file://C:\Users\RBZS8420\Desktop\testsuitelog.txt"&gt;C:\Users\RBZS8420\Desktop\testsuitelog.txt&lt;/a&gt;'.</msg>
<status status="PASS" starttime="20200820 10:28:36.388" endtime="20200820 10:28:36.391"></status>
</kw>
<kw name="Append To File" library="OperatingSystem">
<doc>Appends the given content to the specified file.</doc>
<arguments>
<arg>${AbsoluteTestSuiteLogPath}</arg>
<arg>${TEST NAME}=&gt;${TEST STATUS}\r</arg>
</arguments>
<msg timestamp="20200820 10:28:36.395" level="INFO" html="yes">Appended to file '&lt;a href="file://C:\Users\RBZS8420\Desktop\testsuitelog.txt"&gt;C:\Users\RBZS8420\Desktop\testsuitelog.txt&lt;/a&gt;'.</msg>
<status status="PASS" starttime="20200820 10:28:36.392" endtime="20200820 10:28:36.395"></status>
</kw>
<status status="PASS" starttime="20200820 10:28:36.386" endtime="20200820 10:28:36.396"></status>
</kw>
<tags>
<tag>GlobalTraining</tag>
</tags>
<status status="PASS" starttime="20200820 10:28:28.974" endtime="20200820 10:28:36.396" critical="yes"></status>
</test>
<test id="s1-s1-t5" name="TesLoginSelenium">
<kw name="Open Browser" library="SeleniumLibrary">
<doc>Opens a new browser instance to the optional ``url``.</doc>
<arguments>
<arg>${URL_CSR_Orange}</arg>
<arg>chrome</arg>
</arguments>
<msg timestamp="20200820 10:28:36.401" level="INFO">Opening browser 'chrome' to base url 'https://opensource-demo.orangehrmlive.com/'.</msg>
<status status="PASS" starttime="20200820 10:28:36.400" endtime="20200820 10:28:40.630"></status>
</kw>
<kw name="Set Browser Implicit Wait" library="SeleniumLibrary">
<doc>Sets the implicit wait value used by Selenium.</doc>
<arguments>
<arg>1</arg>
</arguments>
<status status="PASS" starttime="20200820 10:28:40.630" endtime="20200820 10:28:40.633"></status>
</kw>
<kw name="Input Text" library="SeleniumLibrary">
<doc>Types the given ``text`` into the text field identified by ``locator``.</doc>
<arguments>
<arg>id=txtUsername</arg>
<arg>${CREDENTIALS}[0]</arg>
</arguments>
<msg timestamp="20200820 10:28:40.634" level="INFO">Typing text 'admin' into text field 'id=txtUsername'.</msg>
<status status="PASS" starttime="20200820 10:28:40.634" endtime="20200820 10:28:40.753"></status>
</kw>
<kw name="Input Password" library="SeleniumLibrary">
<doc>Types the given password into the text field identified by ``locator``.</doc>
<arguments>
<arg>id=txtPassword</arg>
<arg>${CREDENTIALS}[1]</arg>
</arguments>
<msg timestamp="20200820 10:28:40.755" level="INFO">Typing password into text field 'id=txtPassword'.</msg>
<msg timestamp="20200820 10:28:40.812" level="INFO">Temporally setting log level to: NONE</msg>
<msg timestamp="20200820 10:28:40.868" level="INFO">Log level changed from NONE to INFO.</msg>
<status status="PASS" starttime="20200820 10:28:40.754" endtime="20200820 10:28:40.868"></status>
</kw>
<kw name="Click Button" library="SeleniumLibrary">
<doc>Clicks the button identified by ``locator``.</doc>
<arguments>
<arg>id=btnLogin</arg>
</arguments>
<msg timestamp="20200820 10:28:40.870" level="INFO">Clicking button 'id=btnLogin'.</msg>
<status status="PASS" starttime="20200820 10:28:40.869" endtime="20200820 10:28:43.456"></status>
</kw>
<kw name="Close Browser" library="SeleniumLibrary">
<doc>Closes the current browser.</doc>
<status status="PASS" starttime="20200820 10:28:43.456" endtime="20200820 10:28:45.777"></status>
</kw>
<kw name="Log" library="BuiltIn">
<doc>Logs the given message with the given level.</doc>
<arguments>
<arg>Utilisation de 2 variables d'environnement: Ce test a été exécuté par %{username} sur %{os}</arg>
</arguments>
<msg timestamp="20200820 10:28:45.779" level="INFO">Utilisation de 2 variables d'environnement: Ce test a été exécuté par RBZS8420 sur Windows_NT</msg>
<status status="PASS" starttime="20200820 10:28:45.777" endtime="20200820 10:28:45.779"></status>
</kw>
<kw name="EntryInLog" type="teardown">
<kw name="Get Time" library="BuiltIn">
<doc>Returns the given time in the requested format.</doc>
<assign>
<var>${time}</var>
</assign>
<msg timestamp="20200820 10:28:45.782" level="INFO">${time} = 2020-08-20 10:28:45</msg>
<status status="PASS" starttime="20200820 10:28:45.781" endtime="20200820 10:28:45.782"></status>
</kw>
<kw name="Append To File" library="OperatingSystem">
<doc>Appends the given content to the specified file.</doc>
<arguments>
<arg>${AbsoluteTestSuiteLogPath}</arg>
<arg>${time} |</arg>
</arguments>
<msg timestamp="20200820 10:28:45.786" level="INFO" html="yes">Appended to file '&lt;a href="file://C:\Users\RBZS8420\Desktop\testsuitelog.txt"&gt;C:\Users\RBZS8420\Desktop\testsuitelog.txt&lt;/a&gt;'.</msg>
<status status="PASS" starttime="20200820 10:28:45.783" endtime="20200820 10:28:45.786"></status>
</kw>
<kw name="Append To File" library="OperatingSystem">
<doc>Appends the given content to the specified file.</doc>
<arguments>
<arg>${AbsoluteTestSuiteLogPath}</arg>
<arg>${TEST NAME}=&gt;${TEST STATUS}\r</arg>
</arguments>
<msg timestamp="20200820 10:28:45.790" level="INFO" html="yes">Appended to file '&lt;a href="file://C:\Users\RBZS8420\Desktop\testsuitelog.txt"&gt;C:\Users\RBZS8420\Desktop\testsuitelog.txt&lt;/a&gt;'.</msg>
<status status="PASS" starttime="20200820 10:28:45.787" endtime="20200820 10:28:45.790"></status>
</kw>
<status status="PASS" starttime="20200820 10:28:45.780" endtime="20200820 10:28:45.791"></status>
</kw>
<tags>
<tag>GlobalTraining</tag>
</tags>
<status status="PASS" starttime="20200820 10:28:36.398" endtime="20200820 10:28:45.791" critical="yes"></status>
</test>
<status status="PASS" starttime="20200820 10:28:28.653" endtime="20200820 10:28:45.794"></status>
</suite>
<status status="PASS" starttime="20200820 10:28:28.618" endtime="20200820 10:28:45.803"></status>
</suite>
<statistics>
<total>
<stat pass="5" fail="0">Critical Tests</stat>
<stat pass="5" fail="0">All Tests</stat>
</total>
<tag>
<stat pass="3" fail="0">GlobalTraining</stat>
<stat pass="1" fail="0">Training2</stat>
<stat pass="1" fail="0">Training3</stat>
</tag>
<suite>
<stat pass="5" fail="0" id="s1" name="My1stRobotProject">My1stRobotProject</stat>
<stat pass="5" fail="0" id="s1-s1" name="TestSuite1">My1stRobotProject.TestSuite1</stat>
</suite>
</statistics>
<errors>
</errors>
</robot>
